Looking for git in: git
Using git 2.7.4 from git
> git rev-parse --show-toplevel
> git config --get commit.template
Open repository: /home/yuvraj/gitHub/confusion
> git status -z -u
> git check-ignore -z --stdin
> git symbolic-ref --short HEAD
> git rev-parse dev
> git rev-parse --symbolic-full-name dev@{u}
> git rev-list --left-right dev...refs/remotes/origin/dev
> git for-each-ref --format %(refname) %(objectname) --sort -committerdate
> git remote --verbose
> git check-ignore -z --stdin
> git check-ignore -z --stdin
> git check-ignore -z --stdin
> git check-ignore -z --stdin
> git show :conFusion/src/app/menu/menu.component.ts
> git show :conFusion/src/app/menu/menu.component.spec.ts
> git show :conFusion/src/app/menu/menu.component.scss
> git show :conFusion/src/app/menu/menu.component.html
> git show :conFusion/src/app/menu/menu.component.spec.ts
> git show :conFusion/src/app/menu/menu.component.ts
> git status -z -u
> git symbolic-ref --short HEAD
> git rev-parse dev
> git rev-parse --symbolic-full-name dev@{u}
> git rev-list --left-right dev...refs/remotes/origin/dev
> git for-each-ref --format %(refname) %(objectname) --sort -committerdate
> git remote --verbose
> git show :conFusion/src/app/menu/menu.component.html
> git status -z -u
> git symbolic-ref --short HEAD
> git rev-parse dev
> git rev-parse --symbolic-full-name dev@{u}
> git rev-list --left-right dev...refs/remotes/origin/dev
> git for-each-ref --format %(refname) %(objectname) --sort -committerdate
> git remote --verbose
> git status -z -u
> git symbolic-ref --short HEAD
> git rev-parse dev
> git rev-parse --symbolic-full-name dev@{u}
> git rev-list --left-right dev...refs/remotes/origin/dev
> git for-each-ref --format %(refname) %(objectname) --sort -committerdate
> git remote --verbose
> git status -z -u
> git symbolic-ref --short HEAD
> git rev-parse dev
> git rev-parse --symbolic-full-name dev@{u}
> git rev-list --left-right dev...refs/remotes/origin/dev
> git for-each-ref --format %(refname) %(objectname) --sort -committerdate
> git remote --verbose
> git status -z -u
> git symbolic-ref --short HEAD
> git rev-parse dev
> git rev-parse --symbolic-full-name dev@{u}
> git rev-list --left-right dev...refs/remotes/origin/dev
> git for-each-ref --format %(refname) %(objectname) --sort -committerdate
> git remote --verbose
> git status -z -u
> git symbolic-ref --short HEAD
> git rev-parse dev
> git rev-parse --symbolic-full-name dev@{u}
> git rev-list --left-right dev...refs/remotes/origin/dev
> git for-each-ref --format %(refname) %(objectname) --sort -committerdate
> git remote --verbose
> git status -z -u
> git symbolic-ref --short HEAD
> git rev-parse dev
> git rev-parse --symbolic-full-name dev@{u}
> git rev-list --left-right dev...refs/remotes/origin/dev
> git for-each-ref --format %(refname) %(objectname) --sort -committerdate
> git remote --verbose
> git show :conFusion/src/app/menu/menu.component.scss
> git show :conFusion/src/app/app.component.scss
> git show :conFusion/src/styles.scss
> git show :conFusion/src/app/menu/menu.component.ts
> git show :conFusion/src/app/menu/menu.component.html
> git status -z -u
> git symbolic-ref --short HEAD
> git rev-parse dev
> git rev-parse --symbolic-full-name dev@{u}
> git rev-list --left-right dev...refs/remotes/origin/dev
> git for-each-ref --format %(refname) %(objectname) --sort -committerdate
> git remote --verbose
> git show :conFusion/src/styles.scss
> git status -z -u
> git symbolic-ref --short HEAD
> git rev-parse dev
> git rev-parse --symbolic-full-name dev@{u}
> git rev-list --left-right dev...refs/remotes/origin/dev
> git for-each-ref --format %(refname) %(objectname) --sort -committerdate
> git remote --verbose
> git status -z -u
> git symbolic-ref --short HEAD
> git rev-parse dev
> git rev-parse --symbolic-full-name dev@{u}
> git rev-list --left-right dev...refs/remotes/origin/dev
> git for-each-ref --format %(refname) %(objectname) --sort -committerdate
> git remote --verbose
> git status -z -u
> git symbolic-ref --short HEAD
> git rev-parse dev
> git rev-parse --symbolic-full-name dev@{u}
> git rev-list --left-right dev...refs/remotes/origin/dev
> git for-each-ref --format %(refname) %(objectname) --sort -committerdate
> git remote --verbose
> git show :conFusion/src/app/menu/menu.component.html
> git status -z -u
> git symbolic-ref --short HEAD
> git rev-parse dev
> git rev-parse --symbolic-full-name dev@{u}
> git rev-list --left-right dev...refs/remotes/origin/dev
> git for-each-ref --format %(refname) %(objectname) --sort -committerdate
> git remote --verbose
> git status -z -u
> git symbolic-ref --short HEAD
> git rev-parse dev
> git rev-parse --symbolic-full-name dev@{u}
> git rev-list --left-right dev...refs/remotes/origin/dev
> git for-each-ref --format %(refname) %(objectname) --sort -committerdate
> git remote --verbose
> git show :conFusion/src/main.ts
> git check-ignore -z --stdin
> git show :conFusion/src/index.html
> git status -z -u
> git symbolic-ref --short HEAD
> git rev-parse dev
> git rev-parse --symbolic-full-name dev@{u}
> git rev-list --left-right dev...refs/remotes/origin/dev
> git for-each-ref --format %(refname) %(objectname) --sort -committerdate
> git remote --verbose
> git status -z -u
> git symbolic-ref --short HEAD
> git rev-parse dev
> git rev-parse --symbolic-full-name dev@{u}
> git rev-list --left-right dev...refs/remotes/origin/dev
> git for-each-ref --format %(refname) %(objectname) --sort -committerdate
> git remote --verbose
> git status -z -u
> git symbolic-ref --short HEAD
> git rev-parse dev
> git rev-parse --symbolic-full-name dev@{u}
> git rev-list --left-right dev...refs/remotes/origin/dev
> git for-each-ref --format %(refname) %(objectname) --sort -committerdate
> git remote --verbose
> git status -z -u
> git symbolic-ref --short HEAD
> git rev-parse dev
> git rev-parse --symbolic-full-name dev@{u}
> git rev-list --left-right dev...refs/remotes/origin/dev
> git for-each-ref --format %(refname) %(objectname) --sort -committerdate
> git remote --verbose
> git status -z -u
> git symbolic-ref --short HEAD
> git rev-parse dev
> git rev-parse --symbolic-full-name dev@{u}
> git rev-list --left-right dev...refs/remotes/origin/dev
> git for-each-ref --format %(refname) %(objectname) --sort -committerdate
> git remote --verbose
> git status -z -u
> git symbolic-ref --short HEAD
> git rev-parse dev
> git rev-parse --symbolic-full-name dev@{u}
> git rev-list --left-right dev...refs/remotes/origin/dev
> git for-each-ref --format %(refname) %(objectname) --sort -committerdate
> git remote --verbose
> git status -z -u
> git symbolic-ref --short HEAD
> git rev-parse dev
> git rev-parse --symbolic-full-name dev@{u}
> git rev-list --left-right dev...refs/remotes/origin/dev
> git for-each-ref --format %(refname) %(objectname) --sort -committerdate
> git remote --verbose
> git status -z -u
> git symbolic-ref --short HEAD
> git rev-parse dev
> git rev-parse --symbolic-full-name dev@{u}
> git rev-list --left-right dev...refs/remotes/origin/dev
> git for-each-ref --format %(refname) %(objectname) --sort -committerdate
> git remote --verbose
> git status -z -u
> git symbolic-ref --short HEAD
> git rev-parse dev
> git rev-parse --symbolic-full-name dev@{u}
> git rev-list --left-right dev...refs/remotes/origin/dev
> git for-each-ref --format %(refname) %(objectname) --sort -committerdate
> git remote --verbose
> git show :conFusion/src/app/app-routing.module.ts
> git show :conFusion/src/app/app.component.ts
> git show :conFusion/src/app/app.component.html
> git status -z -u
> git symbolic-ref --short HEAD
> git rev-parse dev
> git rev-parse --symbolic-full-name dev@{u}
> git rev-list --left-right dev...refs/remotes/origin/dev
> git for-each-ref --format %(refname) %(objectname) --sort -committerdate
> git remote --verbose
> git show :conFusion/src/index.html
> git status -z -u
> git symbolic-ref --short HEAD
> git rev-parse dev
> git rev-parse --symbolic-full-name dev@{u}
> git rev-list --left-right dev...refs/remotes/origin/dev
> git for-each-ref --format %(refname) %(objectname) --sort -committerdate
> git remote --verbose
> git status -z -u
> git symbolic-ref --short HEAD
> git rev-parse dev
> git rev-parse --symbolic-full-name dev@{u}
> git rev-list --left-right dev...refs/remotes/origin/dev
> git for-each-ref --format %(refname) %(objectname) --sort -committerdate
> git remote --verbose
> git status -z -u
> git symbolic-ref --short HEAD
> git rev-parse dev
> git rev-parse --symbolic-full-name dev@{u}
> git rev-list --left-right dev...refs/remotes/origin/dev
> git for-each-ref --format %(refname) %(objectname) --sort -committerdate
> git remote --verbose
> git status -z -u
> git symbolic-ref --short HEAD
> git rev-parse dev
> git rev-parse --symbolic-full-name dev@{u}
> git rev-list --left-right dev...refs/remotes/origin/dev
> git for-each-ref --format %(refname) %(objectname) --sort -committerdate
> git remote --verbose
> git status -z -u
> git symbolic-ref --short HEAD
> git rev-parse dev
> git rev-parse --symbolic-full-name dev@{u}
> git rev-list --left-right dev...refs/remotes/origin/dev
> git for-each-ref --format %(refname) %(objectname) --sort -committerdate
> git remote --verbose
> git status -z -u
> git symbolic-ref --short HEAD
> git rev-parse dev
> git rev-parse --symbolic-full-name dev@{u}
> git rev-list --left-right dev...refs/remotes/origin/dev
> git for-each-ref --format %(refname) %(objectname) --sort -committerdate
> git remote --verbose
> git status -z -u
> git symbolic-ref --short HEAD
> git rev-parse dev
> git rev-parse --symbolic-full-name dev@{u}
> git rev-list --left-right dev...refs/remotes/origin/dev
> git for-each-ref --format %(refname) %(objectname) --sort -committerdate
> git remote --verbose
> git status -z -u
> git symbolic-ref --short HEAD
> git rev-parse dev
> git rev-parse --symbolic-full-name dev@{u}
> git rev-list --left-right dev...refs/remotes/origin/dev
> git for-each-ref --format %(refname) %(objectname) --sort -committerdate
> git remote --verbose
> git show :conFusion/src/app/app.component.html
> git show :conFusion/src/app/menu/menu.component.html
> git status -z -u
> git symbolic-ref --short HEAD
> git rev-parse dev
> git rev-parse --symbolic-full-name dev@{u}
> git rev-list --left-right dev...refs/remotes/origin/dev
> git for-each-ref --format %(refname) %(objectname) --sort -committerdate
> git remote --verbose
> git status -z -u
> git symbolic-ref --short HEAD
> git rev-parse dev
> git rev-parse --symbolic-full-name dev@{u}
> git rev-list --left-right dev...refs/remotes/origin/dev
> git for-each-ref --format %(refname) %(objectname) --sort -committerdate
> git remote --verbose
> git status -z -u
> git symbolic-ref --short HEAD
> git rev-parse dev
> git rev-parse --symbolic-full-name dev@{u}
> git rev-list --left-right dev...refs/remotes/origin/dev
> git for-each-ref --format %(refname) %(objectname) --sort -committerdate
> git remote --verbose
> git show :conFusion/src/app/app.module.ts
> git status -z -u
> git symbolic-ref --short HEAD
> git rev-parse dev
> git rev-parse --symbolic-full-name dev@{u}
> git rev-list --left-right dev...refs/remotes/origin/dev
> git for-each-ref --format %(refname) %(objectname) --sort -committerdate
> git remote --verbose
> git status -z -u
> git symbolic-ref --short HEAD
> git rev-parse dev
> git rev-parse --symbolic-full-name dev@{u}
> git rev-list --left-right dev...refs/remotes/origin/dev
> git for-each-ref --format %(refname) %(objectname) --sort -committerdate
> git remote --verbose
> git show :conFusion/src/app/menu/menu.component.html
git.getSCMResource.uri file:///home/yuvraj/gitHub/confusion/conFusion/src/app/menu/menu.component.html
repo root /home/yuvraj/gitHub/confusion
> git ls-tree -l HEAD -- /home/yuvraj/gitHub/confusion/conFusion/src/app/menu/menu.component.html
> git show c1e0e3cac15e2499b861c57edc0897d904768fdb
> git show HEAD:conFusion/src/app/menu/menu.component.html
> git show :conFusion/src/app/menu/menu.component.html
> git show :conFusion/src/app/app.module.ts
> git show :conFusion/src/app/menu/menu.component.html
> git show :conFusion/src/app/app.module.ts
> git status -z -u
> git symbolic-ref --short HEAD
> git rev-parse dev
> git rev-parse --symbolic-full-name dev@{u}
> git rev-list --left-right dev...refs/remotes/origin/dev
> git for-each-ref --format %(refname) %(objectname) --sort -committerdate
> git remote --verbose
> git status -z -u
> git symbolic-ref --short HEAD
> git rev-parse dev
> git rev-parse --symbolic-full-name dev@{u}
> git rev-list --left-right dev...refs/remotes/origin/dev
> git for-each-ref --format %(refname) %(objectname) --sort -committerdate
> git remote --verbose
> git status -z -u
> git symbolic-ref --short HEAD
> git rev-parse dev
> git rev-parse --symbolic-full-name dev@{u}
> git rev-list --left-right dev...refs/remotes/origin/dev
> git for-each-ref --format %(refname) %(objectname) --sort -committerdate
> git remote --verbose
> git show :conFusion/src/app/menu/menu.component.html
> git status -z -u
> git symbolic-ref --short HEAD
> git rev-parse dev
> git rev-parse --symbolic-full-name dev@{u}
> git rev-list --left-right dev...refs/remotes/origin/dev
> git for-each-ref --format %(refname) %(objectname) --sort -committerdate
> git remote --verbose
> git status -z -u
> git symbolic-ref --short HEAD
> git rev-parse dev
> git rev-parse --symbolic-full-name dev@{u}
> git rev-list --left-right dev...refs/remotes/origin/dev
> git for-each-ref --format %(refname) %(objectname) --sort -committerdate
> git remote --verbose
> git show :conFusion/src/app/app.module.ts
> git show :conFusion/src/index.html
> git show :conFusion/src/app/app.component.html
> git show :conFusion/src/app/menu/menu.component.html
> git show :conFusion/src/app/menu/menu.component.spec.ts
> git show :conFusion/src/app/menu/menu.component.ts
